[ 2016-06-28T11:15:54+08:00 ] 127.0.0.1 /
INFO: [ app_init ] --START--
INFO: Run Behavior\BuildLiteBehavior [ RunTime:0.000019s ]
INFO: [ app_init ] --END-- [ RunTime:0.000071s ]
INFO: [ app_begin ] --START--
INFO: Run Behavior\ReadHtmlCacheBehavior [ RunTime:0.000505s ]
INFO: [ app_begin ] --END-- [ RunTime:0.000558s ]
INFO: [ view_parse ] --START--
INFO: [ template_filter ] --START--
INFO: Run Behavior\ContentReplaceBehavior [ RunTime:0.000638s ]
INFO: [ template_filter ] --END-- [ RunTime:0.000671s ]
INFO: Run Behavior\ParseTemplateBehavior [ RunTime:0.004405s ]
INFO: [ view_parse ] --END-- [ RunTime:0.004435s ]
INFO: [ view_filter ] --START--
INFO: Run Behavior\WriteHtmlCacheBehavior [ RunTime:0.000231s ]
INFO: [ view_filter ] --END-- [ RunTime:0.000253s ]
INFO: [ app_end ] --START--
INFO: Run Behavior\ShowPageTraceBehavior [ RunTime:0.000384s ]
INFO: [ app_end ] --END-- [ RunTime:0.000410s ]

[ 2016-06-28T11:25:34+08:00 ] 127.0.0.1 /api/
INFO: [ app_init ] --START--
INFO: Run Behavior\BuildLiteBehavior [ RunTime:0.000008s ]
INFO: [ app_init ] --END-- [ RunTime:0.000256s ]
INFO: [ app_begin ] --START--
INFO: Run Behavior\ReadHtmlCacheBehavior [ RunTime:0.000383s ]
INFO: [ app_begin ] --END-- [ RunTime:0.000414s ]
INFO: [ view_parse ] --START--
INFO: Run Behavior\ParseTemplateBehavior [ RunTime:0.000247s ]
INFO: [ view_parse ] --END-- [ RunTime:0.000277s ]
INFO: [ view_filter ] --START--
INFO: Run Behavior\WriteHtmlCacheBehavior [ RunTime:0.000295s ]
INFO: [ view_filter ] --END-- [ RunTime:0.000331s ]
INFO: [ app_end ] --START--
INFO: Run Behavior\ShowPageTraceBehavior [ RunTime:0.000583s ]
INFO: [ app_end ] --END-- [ RunTime:0.000618s ]

[ 2016-06-28T11:36:10+08:00 ] 127.0.0.1 /v1/index/test
INFO: [ app_init ] --START--
INFO: Run Behavior\BuildLiteBehavior [ RunTime:0.000009s ]
INFO: [ app_init ] --END-- [ RunTime:0.000261s ]
NOTIC: [8] Undefined offset: 1 D:\wamp\www\halocollege\ThinkPHP\Library\Think\Route.class.php 第 78 行.
NOTIC: [2] Invalid argument supplied for foreach() D:\wamp\www\halocollege\ThinkPHP\Library\Think\Route.class.php 第 78 行.
INFO: [ app_begin ] --START--
INFO: Run Behavior\ReadHtmlCacheBehavior [ RunTime:0.000389s ]
INFO: [ app_begin ] --END-- [ RunTime:0.000421s ]
INFO: [ app_end ] --START--
INFO: Run Behavior\ShowPageTraceBehavior [ RunTime:0.000365s ]
INFO: [ app_end ] --END-- [ RunTime:0.000395s ]

[ 2016-06-28T11:43:56+08:00 ] 127.0.0.1 /v1/a/b
INFO: [ app_init ] --START--
INFO: Run Behavior\BuildLiteBehavior [ RunTime:0.000008s ]
INFO: [ app_init ] --END-- [ RunTime:0.000210s ]
NOTIC: [8] Undefined offset: 1 D:\wamp\www\halocollege\ThinkPHP\Library\Think\Route.class.php 第 78 行.
NOTIC: [2] Invalid argument supplied for foreach() D:\wamp\www\halocollege\ThinkPHP\Library\Think\Route.class.php 第 78 行.
NOTIC: [8] Undefined offset: 1 D:\wamp\www\halocollege\ThinkPHP\Library\Think\Route.class.php 第 78 行.
NOTIC: [2] Invalid argument supplied for foreach() D:\wamp\www\halocollege\ThinkPHP\Library\Think\Route.class.php 第 78 行.
INFO: [ app_begin ] --START--
INFO: Run Behavior\ReadHtmlCacheBehavior [ RunTime:0.000340s ]
INFO: [ app_begin ] --END-- [ RunTime:0.000386s ]
ERR: 无法加载控制器:Home

[ 2016-06-28T11:46:37+08:00 ] 127.0.0.1 /Api
INFO: [ app_init ] --START--
INFO: Run Behavior\BuildLiteBehavior [ RunTime:0.000008s ]
INFO: [ app_init ] --END-- [ RunTime:0.000213s ]
INFO: [ app_begin ] --START--
INFO: Run Behavior\ReadHtmlCacheBehavior [ RunTime:0.000327s ]
INFO: [ app_begin ] --END-- [ RunTime:0.000362s ]
INFO: [ view_parse ] --START--
INFO: Run Behavior\ParseTemplateBehavior [ RunTime:0.000343s ]
INFO: [ view_parse ] --END-- [ RunTime:0.000370s ]
INFO: [ view_filter ] --START--
INFO: Run Behavior\WriteHtmlCacheBehavior [ RunTime:0.000179s ]
INFO: [ view_filter ] --END-- [ RunTime:0.000202s ]
INFO: [ app_end ] --START--
INFO: Run Behavior\ShowPageTraceBehavior [ RunTime:0.000427s ]
INFO: [ app_end ] --END-- [ RunTime:0.000452s ]

[ 2016-06-28T12:06:42+08:00 ] 127.0.0.1 /v1/index/test
INFO: [ app_init ] --START--
INFO: Run Behavior\BuildLiteBehavior [ RunTime:0.000011s ]
INFO: [ app_init ] --END-- [ RunTime:0.000265s ]
NOTIC: [8] Undefined offset: 1 D:\wamp\www\halocollege\ThinkPHP\Library\Think\Route.class.php 第 78 行.
NOTIC: [2] Invalid argument supplied for foreach() D:\wamp\www\halocollege\ThinkPHP\Library\Think\Route.class.php 第 78 行.
NOTIC: [8] Undefined offset: 1 D:\wamp\www\halocollege\ThinkPHP\Library\Think\Route.class.php 第 78 行.
NOTIC: [2] Invalid argument supplied for foreach() D:\wamp\www\halocollege\ThinkPHP\Library\Think\Route.class.php 第 78 行.
INFO: [ app_begin ] --START--
INFO: Run Behavior\ReadHtmlCacheBehavior [ RunTime:0.000419s ]
INFO: [ app_begin ] --END-- [ RunTime:0.000461s ]
ERR: 无法加载控制器:Home

[ 2016-06-28T12:07:01+08:00 ] 127.0.0.1 /v1/index/test
INFO: [ app_init ] --START--
INFO: Run Behavior\BuildLiteBehavior [ RunTime:0.000012s ]
INFO: [ app_init ] --END-- [ RunTime:0.000257s ]
NOTIC: [8] Undefined offset: 1 D:\wamp\www\halocollege\ThinkPHP\Library\Think\Route.class.php 第 78 行.
NOTIC: [2] Invalid argument supplied for foreach() D:\wamp\www\halocollege\ThinkPHP\Library\Think\Route.class.php 第 78 行.
INFO: [ app_begin ] --START--
INFO: Run Behavior\ReadHtmlCacheBehavior [ RunTime:0.000399s ]
INFO: [ app_begin ] --END-- [ RunTime:0.000447s ]
INFO: [ app_end ] --START--
INFO: Run Behavior\ShowPageTraceBehavior [ RunTime:0.000947s ]
INFO: [ app_end ] --END-- [ RunTime:0.001035s ]

[ 2016-06-28T12:24:14+08:00 ] 127.0.0.1 /v1/index/test
INFO: [ app_init ] --START--
INFO: Run Behavior\BuildLiteBehavior [ RunTime:0.000009s ]
INFO: [ app_init ] --END-- [ RunTime:0.000254s ]
NOTIC: [8] Undefined offset: 1 D:\wamp\www\halocollege\ThinkPHP\Library\Think\Route.class.php 第 78 行.
NOTIC: [2] Invalid argument supplied for foreach() D:\wamp\www\halocollege\ThinkPHP\Library\Think\Route.class.php 第 78 行.
INFO: [ app_begin ] --START--
INFO: Run Behavior\ReadHtmlCacheBehavior [ RunTime:0.000400s ]
INFO: [ app_begin ] --END-- [ RunTime:0.000431s ]
ERR: 非法操作:test

[ 2016-06-28T12:25:08+08:00 ] 127.0.0.1 /v1/index/test
INFO: [ app_init ] --START--
INFO: Run Behavior\BuildLiteBehavior [ RunTime:0.000014s ]
INFO: [ app_init ] --END-- [ RunTime:0.000349s ]
NOTIC: [8] Undefined offset: 1 D:\wamp\www\halocollege\ThinkPHP\Library\Think\Route.class.php 第 78 行.
NOTIC: [2] Invalid argument supplied for foreach() D:\wamp\www\halocollege\ThinkPHP\Library\Think\Route.class.php 第 78 行.
INFO: [ app_begin ] --START--
INFO: Run Behavior\ReadHtmlCacheBehavior [ RunTime:0.000609s ]
INFO: [ app_begin ] --END-- [ RunTime:0.000678s ]

[ 2016-06-28T12:25:25+08:00 ] 127.0.0.1 /v1/index/test
INFO: [ app_init ] --START--
INFO: Run Behavior\BuildLiteBehavior [ RunTime:0.000009s ]
INFO: [ app_init ] --END-- [ RunTime:0.000227s ]
NOTIC: [8] Undefined offset: 1 D:\wamp\www\halocollege\ThinkPHP\Library\Think\Route.class.php 第 78 行.
NOTIC: [2] Invalid argument supplied for foreach() D:\wamp\www\halocollege\ThinkPHP\Library\Think\Route.class.php 第 78 行.
INFO: [ app_begin ] --START--
INFO: Run Behavior\ReadHtmlCacheBehavior [ RunTime:0.000308s ]
INFO: [ app_begin ] --END-- [ RunTime:0.000338s ]

[ 2016-06-28T13:13:53+08:00 ] 127.0.0.1 /v1/index/index
INFO: [ app_init ] --START--
INFO: Run Behavior\BuildLiteBehavior [ RunTime:0.000008s ]
INFO: [ app_init ] --END-- [ RunTime:0.000223s ]
NOTIC: [8] Undefined offset: 1 D:\wamp\www\halocollege\ThinkPHP\Library\Think\Route.class.php 第 78 行.
NOTIC: [2] Invalid argument supplied for foreach() D:\wamp\www\halocollege\ThinkPHP\Library\Think\Route.class.php 第 78 行.
INFO: [ app_begin ] --START--
INFO: Run Behavior\ReadHtmlCacheBehavior [ RunTime:0.000314s ]
INFO: [ app_begin ] --END-- [ RunTime:0.000343s ]
NOTIC: [2048] Declaration of Api\Controller\CommonController::error() should be compatible with Think\Controller::error($message = '', $jumpUrl = '', $ajax = false) D:\wamp\www\halocollege\Application\Api\Controller\CommonController.class.php 第 61 行.
NOTIC: [2048] Declaration of Api\Controller\CommonController::success() should be compatible with Think\Controller::success($message = '', $jumpUrl = '', $ajax = false) D:\wamp\www\halocollege\Application\Api\Controller\CommonController.class.php 第 61 行.
NOTIC: [8] Undefined index: callback D:\wamp\www\halocollege\Application\Api\Controller\CommonController.class.php 第 28 行.

[ 2016-06-28T13:14:17+08:00 ] 127.0.0.1 /v1/index/index
INFO: [ app_init ] --START--
INFO: Run Behavior\BuildLiteBehavior [ RunTime:0.000015s ]
INFO: [ app_init ] --END-- [ RunTime:0.000393s ]
NOTIC: [8] Undefined offset: 1 D:\wamp\www\halocollege\ThinkPHP\Library\Think\Route.class.php 第 78 行.
NOTIC: [2] Invalid argument supplied for foreach() D:\wamp\www\halocollege\ThinkPHP\Library\Think\Route.class.php 第 78 行.
INFO: [ app_begin ] --START--
INFO: Run Behavior\ReadHtmlCacheBehavior [ RunTime:0.000663s ]
INFO: [ app_begin ] --END-- [ RunTime:0.000728s ]
NOTIC: [2048] Declaration of Api\Controller\CommonController::error() should be compatible with Think\Controller::error($message = '', $jumpUrl = '', $ajax = false) D:\wamp\www\halocollege\Application\Api\Controller\CommonController.class.php 第 61 行.
NOTIC: [2048] Declaration of Api\Controller\CommonController::success() should be compatible with Think\Controller::success($message = '', $jumpUrl = '', $ajax = false) D:\wamp\www\halocollege\Application\Api\Controller\CommonController.class.php 第 61 行.
NOTIC: [8] Undefined index: callback D:\wamp\www\halocollege\Application\Api\Controller\CommonController.class.php 第 28 行.

[ 2016-06-28T13:20:29+08:00 ] 127.0.0.1 /v1/index/index
INFO: [ app_init ] --START--
INFO: Run Behavior\BuildLiteBehavior [ RunTime:0.000009s ]
INFO: [ app_init ] --END-- [ RunTime:0.000264s ]
NOTIC: [8] Undefined offset: 1 D:\wamp\www\halocollege\ThinkPHP\Library\Think\Route.class.php 第 78 行.
NOTIC: [2] Invalid argument supplied for foreach() D:\wamp\www\halocollege\ThinkPHP\Library\Think\Route.class.php 第 78 行.
INFO: [ app_begin ] --START--
INFO: Run Behavior\ReadHtmlCacheBehavior [ RunTime:0.000483s ]
INFO: [ app_begin ] --END-- [ RunTime:0.000528s ]
NOTIC: [2048] Declaration of Api\Controller\CommonController::error() should be compatible with Think\Controller::error($message = '', $jumpUrl = '', $ajax = false) D:\wamp\www\halocollege\Application\Api\Controller\CommonController.class.php 第 61 行.
NOTIC: [2048] Declaration of Api\Controller\CommonController::success() should be compatible with Think\Controller::success($message = '', $jumpUrl = '', $ajax = false) D:\wamp\www\halocollege\Application\Api\Controller\CommonController.class.php 第 61 行.
NOTIC: [8] Undefined index: callback D:\wamp\www\halocollege\Application\Api\Controller\CommonController.class.php 第 28 行.
NOTIC: [8] Undefined index: authorization D:\wamp\www\halocollege\Application\Common\Common\function.php 第 122 行.
SQL: SHOW COLUMNS FROM `wtw_school_account` [ RunTime:0.0019s ]
NOTIC: [8] Undefined index: id D:\wamp\www\halocollege\Application\Api\Controller\CommonController.class.php 第 43 行.
NOTIC: [8] Undefined index: username D:\wamp\www\halocollege\Application\Api\Controller\CommonController.class.php 第 44 行.
NOTIC: [8] Undefined index: phone D:\wamp\www\halocollege\Application\Api\Controller\CommonController.class.php 第 45 行.
INFO: [ app_end ] --START--
INFO: Run Behavior\ShowPageTraceBehavior [ RunTime:0.000789s ]
INFO: [ app_end ] --END-- [ RunTime:0.000838s ]

[ 2016-06-28T13:23:34+08:00 ] 127.0.0.1 /v1/index/index
INFO: [ app_init ] --START--
INFO: Run Behavior\BuildLiteBehavior [ RunTime:0.000013s ]
INFO: [ app_init ] --END-- [ RunTime:0.000304s ]
NOTIC: [8] Undefined offset: 1 D:\wamp\www\halocollege\ThinkPHP\Library\Think\Route.class.php 第 78 行.
NOTIC: [2] Invalid argument supplied for foreach() D:\wamp\www\halocollege\ThinkPHP\Library\Think\Route.class.php 第 78 行.
INFO: [ app_begin ] --START--
INFO: Run Behavior\ReadHtmlCacheBehavior [ RunTime:0.000424s ]
INFO: [ app_begin ] --END-- [ RunTime:0.000470s ]
NOTIC: [2048] Declaration of Api\Controller\CommonController::error() should be compatible with Think\Controller::error($message = '', $jumpUrl = '', $ajax = false) D:\wamp\www\halocollege\Application\Api\Controller\CommonController.class.php 第 61 行.
NOTIC: [2048] Declaration of Api\Controller\CommonController::success() should be compatible with Think\Controller::success($message = '', $jumpUrl = '', $ajax = false) D:\wamp\www\halocollege\Application\Api\Controller\CommonController.class.php 第 61 行.
NOTIC: [8] Undefined index: callback D:\wamp\www\halocollege\Application\Api\Controller\CommonController.class.php 第 28 行.
NOTIC: [8] Undefined index: authorization D:\wamp\www\halocollege\Application\Common\Common\function.php 第 122 行.
SQL: SHOW COLUMNS FROM `wtw_school_account` [ RunTime:0.0016s ]
NOTIC: [8] Undefined index: id D:\wamp\www\halocollege\Application\Api\Controller\CommonController.class.php 第 43 行.
NOTIC: [8] Undefined index: username D:\wamp\www\halocollege\Application\Api\Controller\CommonController.class.php 第 44 行.
NOTIC: [8] Undefined index: phone D:\wamp\www\halocollege\Application\Api\Controller\CommonController.class.php 第 45 行.
INFO: [ app_end ] --START--
INFO: Run Behavior\ShowPageTraceBehavior [ RunTime:0.000874s ]
INFO: [ app_end ] --END-- [ RunTime:0.000933s ]

[ 2016-06-28T13:26:57+08:00 ] 127.0.0.1 /v1/index/index
INFO: [ app_init ] --START--
INFO: Run Behavior\BuildLiteBehavior [ RunTime:0.000012s ]
INFO: [ app_init ] --END-- [ RunTime:0.000407s ]
NOTIC: [8] Undefined offset: 1 D:\wamp\www\halocollege\ThinkPHP\Library\Think\Route.class.php 第 78 行.
NOTIC: [2] Invalid argument supplied for foreach() D:\wamp\www\halocollege\ThinkPHP\Library\Think\Route.class.php 第 78 行.
INFO: [ app_begin ] --START--
INFO: Run Behavior\ReadHtmlCacheBehavior [ RunTime:0.000574s ]
INFO: [ app_begin ] --END-- [ RunTime:0.000626s ]
NOTIC: [2048] Declaration of Api\Controller\CommonController::error() should be compatible with Think\Controller::error($message = '', $jumpUrl = '', $ajax = false) D:\wamp\www\halocollege\Application\Api\Controller\CommonController.class.php 第 58 行.
NOTIC: [2048] Declaration of Api\Controller\CommonController::success() should be compatible with Think\Controller::success($message = '', $jumpUrl = '', $ajax = false) D:\wamp\www\halocollege\Application\Api\Controller\CommonController.class.php 第 58 行.
NOTIC: [8] Undefined index: callback D:\wamp\www\halocollege\Application\Api\Controller\CommonController.class.php 第 30 行.
NOTIC: [8] Undefined index: authorization D:\wamp\www\halocollege\Application\Common\Common\function.php 第 122 行.

[ 2016-06-28T13:27:07+08:00 ] 127.0.0.1 /v1/index/index
INFO: [ app_init ] --START--
INFO: Run Behavior\BuildLiteBehavior [ RunTime:0.000018s ]
INFO: [ app_init ] --END-- [ RunTime:0.000478s ]
NOTIC: [8] Undefined offset: 1 D:\wamp\www\halocollege\ThinkPHP\Library\Think\Route.class.php 第 78 行.
NOTIC: [2] Invalid argument supplied for foreach() D:\wamp\www\halocollege\ThinkPHP\Library\Think\Route.class.php 第 78 行.
INFO: [ app_begin ] --START--
INFO: Run Behavior\ReadHtmlCacheBehavior [ RunTime:0.000390s ]
INFO: [ app_begin ] --END-- [ RunTime:0.000433s ]
NOTIC: [2048] Declaration of Api\Controller\CommonController::error() should be compatible with Think\Controller::error($message = '', $jumpUrl = '', $ajax = false) D:\wamp\www\halocollege\Application\Api\Controller\CommonController.class.php 第 58 行.
NOTIC: [2048] Declaration of Api\Controller\CommonController::success() should be compatible with Think\Controller::success($message = '', $jumpUrl = '', $ajax = false) D:\wamp\www\halocollege\Application\Api\Controller\CommonController.class.php 第 58 行.
NOTIC: [8] Undefined index: callback D:\wamp\www\halocollege\Application\Api\Controller\CommonController.class.php 第 30 行.
NOTIC: [8] Undefined index: authorization D:\wamp\www\halocollege\Application\Common\Common\function.php 第 122 行.

[ 2016-06-28T13:28:24+08:00 ] 127.0.0.1 /v1/index/index
INFO: [ app_init ] --START--
INFO: Run Behavior\BuildLiteBehavior [ RunTime:0.000008s ]
INFO: [ app_init ] --END-- [ RunTime:0.000230s ]
NOTIC: [8] Undefined offset: 1 D:\wamp\www\halocollege\ThinkPHP\Library\Think\Route.class.php 第 78 行.
NOTIC: [2] Invalid argument supplied for foreach() D:\wamp\www\halocollege\ThinkPHP\Library\Think\Route.class.php 第 78 行.
INFO: [ app_begin ] --START--
INFO: Run Behavior\ReadHtmlCacheBehavior [ RunTime:0.000496s ]
INFO: [ app_begin ] --END-- [ RunTime:0.000542s ]

[ 2016-06-28T13:57:39+08:00 ] 127.0.0.1 /v1/index/index
INFO: [ app_init ] --START--
INFO: Run Behavior\BuildLiteBehavior [ RunTime:0.000007s ]
INFO: [ app_init ] --END-- [ RunTime:0.000234s ]
NOTIC: [8] Undefined offset: 1 D:\wamp\www\halocollege\ThinkPHP\Library\Think\Route.class.php 第 78 行.
NOTIC: [2] Invalid argument supplied for foreach() D:\wamp\www\halocollege\ThinkPHP\Library\Think\Route.class.php 第 78 行.
INFO: [ app_begin ] --START--
INFO: Run Behavior\ReadHtmlCacheBehavior [ RunTime:0.000557s ]
INFO: [ app_begin ] --END-- [ RunTime:0.000608s ]

[ 2016-06-28T13:57:39+08:00 ] 127.0.0.1 /v1/index/index
INFO: [ app_init ] --START--
INFO: Run Behavior\BuildLiteBehavior [ RunTime:0.000021s ]
INFO: [ app_init ] --END-- [ RunTime:0.000597s ]
NOTIC: [8] Undefined offset: 1 D:\wamp\www\halocollege\ThinkPHP\Library\Think\Route.class.php 第 78 行.
NOTIC: [2] Invalid argument supplied for foreach() D:\wamp\www\halocollege\ThinkPHP\Library\Think\Route.class.php 第 78 行.
INFO: [ app_begin ] --START--
INFO: Run Behavior\ReadHtmlCacheBehavior [ RunTime:0.000361s ]
INFO: [ app_begin ] --END-- [ RunTime:0.000396s ]

[ 2016-06-28T13:58:00+08:00 ] 127.0.0.1 /v1/index/index
INFO: [ app_init ] --START--
INFO: Run Behavior\BuildLiteBehavior [ RunTime:0.000007s ]
INFO: [ app_init ] --END-- [ RunTime:0.000227s ]
NOTIC: [8] Undefined offset: 1 D:\wamp\www\halocollege\ThinkPHP\Library\Think\Route.class.php 第 78 行.
NOTIC: [2] Invalid argument supplied for foreach() D:\wamp\www\halocollege\ThinkPHP\Library\Think\Route.class.php 第 78 行.
INFO: [ app_begin ] --START--
INFO: Run Behavior\ReadHtmlCacheBehavior [ RunTime:0.000342s ]
INFO: [ app_begin ] --END-- [ RunTime:0.000384s ]
NOTIC: [2048] Declaration of Api\Controller\CommonController::error() should be compatible with Think\Controller::error($message = '', $jumpUrl = '', $ajax = false) D:\wamp\www\halocollege\Application\Api\Controller\CommonController.class.php 第 57 行.
NOTIC: [2048] Declaration of Api\Controller\CommonController::success() should be compatible with Think\Controller::success($message = '', $jumpUrl = '', $ajax = false) D:\wamp\www\halocollege\Application\Api\Controller\CommonController.class.php 第 57 行.
NOTIC: [8] Undefined index: callback D:\wamp\www\halocollege\Application\Api\Controller\CommonController.class.php 第 29 行.
NOTIC: [8] Undefined index: authorization D:\wamp\www\halocollege\Application\Common\Common\function.php 第 122 行.

[ 2016-06-28T13:59:22+08:00 ] 127.0.0.1 /v1/index/index
INFO: [ app_init ] --START--
INFO: Run Behavior\BuildLiteBehavior [ RunTime:0.000009s ]
INFO: [ app_init ] --END-- [ RunTime:0.000216s ]
NOTIC: [8] Undefined offset: 1 D:\wamp\www\halocollege\ThinkPHP\Library\Think\Route.class.php 第 78 行.
NOTIC: [2] Invalid argument supplied for foreach() D:\wamp\www\halocollege\ThinkPHP\Library\Think\Route.class.php 第 78 行.
INFO: [ app_begin ] --START--
INFO: Run Behavior\ReadHtmlCacheBehavior [ RunTime:0.000334s ]
INFO: [ app_begin ] --END-- [ RunTime:0.000378s ]
NOTIC: [2048] Declaration of Api\Controller\CommonController::error() should be compatible with Think\Controller::error($message = '', $jumpUrl = '', $ajax = false) D:\wamp\www\halocollege\Application\Api\Controller\CommonController.class.php 第 57 行.
NOTIC: [2048] Declaration of Api\Controller\CommonController::success() should be compatible with Think\Controller::success($message = '', $jumpUrl = '', $ajax = false) D:\wamp\www\halocollege\Application\Api\Controller\CommonController.class.php 第 57 行.
NOTIC: [8] Undefined index: callback D:\wamp\www\halocollege\Application\Api\Controller\CommonController.class.php 第 29 行.
NOTIC: [8] Undefined index: authorization D:\wamp\www\halocollege\Application\Common\Common\function.php 第 122 行.

[ 2016-06-28T14:01:03+08:00 ] 127.0.0.1 /v1/index/index
INFO: [ app_init ] --START--
INFO: Run Behavior\BuildLiteBehavior [ RunTime:0.000009s ]
INFO: [ app_init ] --END-- [ RunTime:0.000302s ]
NOTIC: [8] Undefined offset: 1 D:\wamp\www\halocollege\ThinkPHP\Library\Think\Route.class.php 第 78 行.
NOTIC: [2] Invalid argument supplied for foreach() D:\wamp\www\halocollege\ThinkPHP\Library\Think\Route.class.php 第 78 行.
INFO: [ app_begin ] --START--
INFO: Run Behavior\ReadHtmlCacheBehavior [ RunTime:0.000432s ]
INFO: [ app_begin ] --END-- [ RunTime:0.000472s ]
NOTIC: [2048] Declaration of Api\Controller\CommonController::error() should be compatible with Think\Controller::error($message = '', $jumpUrl = '', $ajax = false) D:\wamp\www\halocollege\Application\Api\Controller\CommonController.class.php 第 57 行.
NOTIC: [2048] Declaration of Api\Controller\CommonController::success() should be compatible with Think\Controller::success($message = '', $jumpUrl = '', $ajax = false) D:\wamp\www\halocollege\Application\Api\Controller\CommonController.class.php 第 57 行.
NOTIC: [8] Undefined index: callback D:\wamp\www\halocollege\Application\Api\Controller\CommonController.class.php 第 29 行.
NOTIC: [8] Undefined index: authorization D:\wamp\www\halocollege\Application\Common\Common\function.php 第 122 行.

[ 2016-06-28T14:01:34+08:00 ] 127.0.0.1 /v1/index/index
INFO: [ app_init ] --START--
INFO: Run Behavior\BuildLiteBehavior [ RunTime:0.000018s ]
INFO: [ app_init ] --END-- [ RunTime:0.000481s ]
NOTIC: [8] Undefined offset: 1 D:\wamp\www\halocollege\ThinkPHP\Library\Think\Route.class.php 第 78 行.
NOTIC: [2] Invalid argument supplied for foreach() D:\wamp\www\halocollege\ThinkPHP\Library\Think\Route.class.php 第 78 行.
INFO: [ app_begin ] --START--
INFO: Run Behavior\ReadHtmlCacheBehavior [ RunTime:0.000667s ]
INFO: [ app_begin ] --END-- [ RunTime:0.000751s ]
NOTIC: [2048] Declaration of Api\Controller\CommonController::error() should be compatible with Think\Controller::error($message = '', $jumpUrl = '', $ajax = false) D:\wamp\www\halocollege\Application\Api\Controller\CommonController.class.php 第 57 行.
NOTIC: [2048] Declaration of Api\Controller\CommonController::success() should be compatible with Think\Controller::success($message = '', $jumpUrl = '', $ajax = false) D:\wamp\www\halocollege\Application\Api\Controller\CommonController.class.php 第 57 行.
NOTIC: [8] Undefined index: callback D:\wamp\www\halocollege\Application\Api\Controller\CommonController.class.php 第 29 行.
NOTIC: [8] Undefined index: authorization D:\wamp\www\halocollege\Application\Common\Common\function.php 第 122 行.
NOTIC: [8] Undefined index: authorization D:\wamp\www\halocollege\Application\Common\Common\function.php 第 122 行.

[ 2016-06-28T14:01:47+08:00 ] 127.0.0.1 /v1/index/index
INFO: [ app_init ] --START--
INFO: Run Behavior\BuildLiteBehavior [ RunTime:0.000023s ]
INFO: [ app_init ] --END-- [ RunTime:0.000672s ]
NOTIC: [8] Undefined offset: 1 D:\wamp\www\halocollege\ThinkPHP\Library\Think\Route.class.php 第 78 行.
NOTIC: [2] Invalid argument supplied for foreach() D:\wamp\www\halocollege\ThinkPHP\Library\Think\Route.class.php 第 78 行.
INFO: [ app_begin ] --START--
INFO: Run Behavior\ReadHtmlCacheBehavior [ RunTime:0.000371s ]
INFO: [ app_begin ] --END-- [ RunTime:0.000412s ]
NOTIC: [2048] Declaration of Api\Controller\CommonController::error() should be compatible with Think\Controller::error($message = '', $jumpUrl = '', $ajax = false) D:\wamp\www\halocollege\Application\Api\Controller\CommonController.class.php 第 57 行.
NOTIC: [2048] Declaration of Api\Controller\CommonController::success() should be compatible with Think\Controller::success($message = '', $jumpUrl = '', $ajax = false) D:\wamp\www\halocollege\Application\Api\Controller\CommonController.class.php 第 57 行.
NOTIC: [8] Undefined index: callback D:\wamp\www\halocollege\Application\Api\Controller\CommonController.class.php 第 29 行.
NOTIC: [8] Undefined index: authorization D:\wamp\www\halocollege\Application\Common\Common\function.php 第 122 行.
INFO: [ app_end ] --START--
INFO: Run Behavior\ShowPageTraceBehavior [ RunTime:0.000491s ]
INFO: [ app_end ] --END-- [ RunTime:0.000531s ]

[ 2016-06-28T14:57:33+08:00 ] 127.0.0.1 /v1/index/index
INFO: [ app_init ] --START--
INFO: Run Behavior\BuildLiteBehavior [ RunTime:0.000011s ]
INFO: [ app_init ] --END-- [ RunTime:0.000325s ]
NOTIC: [8] Undefined offset: 1 D:\wamp\www\halocollege\ThinkPHP\Library\Think\Route.class.php 第 78 行.
NOTIC: [2] Invalid argument supplied for foreach() D:\wamp\www\halocollege\ThinkPHP\Library\Think\Route.class.php 第 78 行.
INFO: [ app_begin ] --START--
INFO: Run Behavior\ReadHtmlCacheBehavior [ RunTime:0.000468s ]
INFO: [ app_begin ] --END-- [ RunTime:0.000506s ]
NOTIC: [2048] Declaration of Api\Controller\CommonController::error() should be compatible with Think\Controller::error($message = '', $jumpUrl = '', $ajax = false) D:\wamp\www\halocollege\Application\Api\Controller\CommonController.class.php 第 68 行.
NOTIC: [2048] Declaration of Api\Controller\CommonController::success() should be compatible with Think\Controller::success($message = '', $jumpUrl = '', $ajax = false) D:\wamp\www\halocollege\Application\Api\Controller\CommonController.class.php 第 68 行.
NOTIC: [8] Undefined index: callback D:\wamp\www\halocollege\Application\Api\Controller\CommonController.class.php 第 25 行.
NOTIC: [8] Undefined index: authorization D:\wamp\www\halocollege\Application\Common\Common\function.php 第 127 行.
NOTIC: [8] Undefined index: authorization D:\wamp\www\halocollege\Application\Common\Common\function.php 第 127 行.
INFO: [ app_end ] --START--
INFO: Run Behavior\ShowPageTraceBehavior [ RunTime:0.000446s ]
INFO: [ app_end ] --END-- [ RunTime:0.000483s ]

[ 2016-06-28T14:57:44+08:00 ] 127.0.0.1 /v1/index/index
INFO: [ app_init ] --START--
INFO: Run Behavior\BuildLiteBehavior [ RunTime:0.000018s ]
INFO: [ app_init ] --END-- [ RunTime:0.000503s ]
NOTIC: [8] Undefined offset: 1 D:\wamp\www\halocollege\ThinkPHP\Library\Think\Route.class.php 第 78 行.
NOTIC: [2] Invalid argument supplied for foreach() D:\wamp\www\halocollege\ThinkPHP\Library\Think\Route.class.php 第 78 行.
INFO: [ app_begin ] --START--
INFO: Run Behavior\ReadHtmlCacheBehavior [ RunTime:0.000780s ]
INFO: [ app_begin ] --END-- [ RunTime:0.000865s ]
NOTIC: [2048] Declaration of Api\Controller\CommonController::error() should be compatible with Think\Controller::error($message = '', $jumpUrl = '', $ajax = false) D:\wamp\www\halocollege\Application\Api\Controller\CommonController.class.php 第 68 行.
NOTIC: [2048] Declaration of Api\Controller\CommonController::success() should be compatible with Think\Controller::success($message = '', $jumpUrl = '', $ajax = false) D:\wamp\www\halocollege\Application\Api\Controller\CommonController.class.php 第 68 行.
NOTIC: [8] Undefined index: callback D:\wamp\www\halocollege\Application\Api\Controller\CommonController.class.php 第 25 行.
NOTIC: [8] Undefined index: authorization D:\wamp\www\halocollege\Application\Common\Common\function.php 第 127 行.

[ 2016-06-28T14:57:48+08:00 ] 127.0.0.1 /v1/index/index
INFO: [ app_init ] --START--
INFO: Run Behavior\BuildLiteBehavior [ RunTime:0.000023s ]
INFO: [ app_init ] --END-- [ RunTime:0.000660s ]
NOTIC: [8] Undefined offset: 1 D:\wamp\www\halocollege\ThinkPHP\Library\Think\Route.class.php 第 78 行.
NOTIC: [2] Invalid argument supplied for foreach() D:\wamp\www\halocollege\ThinkPHP\Library\Think\Route.class.php 第 78 行.
INFO: [ app_begin ] --START--
INFO: Run Behavior\ReadHtmlCacheBehavior [ RunTime:0.001052s ]
INFO: [ app_begin ] --END-- [ RunTime:0.001196s ]
NOTIC: [2048] Declaration of Api\Controller\CommonController::error() should be compatible with Think\Controller::error($message = '', $jumpUrl = '', $ajax = false) D:\wamp\www\halocollege\Application\Api\Controller\CommonController.class.php 第 68 行.
NOTIC: [2048] Declaration of Api\Controller\CommonController::success() should be compatible with Think\Controller::success($message = '', $jumpUrl = '', $ajax = false) D:\wamp\www\halocollege\Application\Api\Controller\CommonController.class.php 第 68 行.
NOTIC: [8] Undefined index: callback D:\wamp\www\halocollege\Application\Api\Controller\CommonController.class.php 第 25 行.
NOTIC: [8] Undefined index: authorization D:\wamp\www\halocollege\Application\Common\Common\function.php 第 127 行.
NOTIC: [8] Undefined index: authorization D:\wamp\www\halocollege\Application\Common\Common\function.php 第 127 行.
INFO: [ app_end ] --START--
INFO: Run Behavior\ShowPageTraceBehavior [ RunTime:0.000364s ]
INFO: [ app_end ] --END-- [ RunTime:0.000401s ]

[ 2016-06-28T14:57:57+08:00 ] 127.0.0.1 /v1/index/index
INFO: [ app_init ] --START--
INFO: Run Behavior\BuildLiteBehavior [ RunTime:0.000009s ]
INFO: [ app_init ] --END-- [ RunTime:0.000210s ]
NOTIC: [8] Undefined offset: 1 D:\wamp\www\halocollege\ThinkPHP\Library\Think\Route.class.php 第 78 行.
NOTIC: [2] Invalid argument supplied for foreach() D:\wamp\www\halocollege\ThinkPHP\Library\Think\Route.class.php 第 78 行.
INFO: [ app_begin ] --START--
INFO: Run Behavior\ReadHtmlCacheBehavior [ RunTime:0.000293s ]
INFO: [ app_begin ] --END-- [ RunTime:0.000324s ]
NOTIC: [2048] Declaration of Api\Controller\CommonController::error() should be compatible with Think\Controller::error($message = '', $jumpUrl = '', $ajax = false) D:\wamp\www\halocollege\Application\Api\Controller\CommonController.class.php 第 68 行.
NOTIC: [2048] Declaration of Api\Controller\CommonController::success() should be compatible with Think\Controller::success($message = '', $jumpUrl = '', $ajax = false) D:\wamp\www\halocollege\Application\Api\Controller\CommonController.class.php 第 68 行.
NOTIC: [8] Undefined index: callback D:\wamp\www\halocollege\Application\Api\Controller\CommonController.class.php 第 25 行.
NOTIC: [8] Undefined index: authorization D:\wamp\www\halocollege\Application\Common\Common\function.php 第 127 行.

[ 2016-06-28T15:29:35+08:00 ] 127.0.0.1 /v1/index/index
INFO: [ app_init ] --START--
INFO: Run Behavior\BuildLiteBehavior [ RunTime:0.000016s ]
INFO: [ app_init ] --END-- [ RunTime:0.000471s ]
NOTIC: [8] Undefined offset: 1 D:\wamp\www\halocollege\ThinkPHP\Library\Think\Route.class.php 第 78 行.
NOTIC: [2] Invalid argument supplied for foreach() D:\wamp\www\halocollege\ThinkPHP\Library\Think\Route.class.php 第 78 行.
INFO: [ app_begin ] --START--
INFO: Run Behavior\ReadHtmlCacheBehavior [ RunTime:0.000770s ]
INFO: [ app_begin ] --END-- [ RunTime:0.000825s ]
NOTIC: [2048] Declaration of Api\Controller\CommonController::error() should be compatible with Think\Controller::error($message = '', $jumpUrl = '', $ajax = false) D:\wamp\www\halocollege\Application\Api\Controller\CommonController.class.php 第 68 行.
NOTIC: [2048] Declaration of Api\Controller\CommonController::success() should be compatible with Think\Controller::success($message = '', $jumpUrl = '', $ajax = false) D:\wamp\www\halocollege\Application\Api\Controller\CommonController.class.php 第 68 行.
NOTIC: [8] Undefined index: callback D:\wamp\www\halocollege\Application\Api\Controller\CommonController.class.php 第 25 行.
NOTIC: [8] Undefined index: authorization D:\wamp\www\halocollege\Application\Common\Common\function.php 第 127 行.
NOTIC: [8] Undefined index: authorization D:\wamp\www\halocollege\Application\Common\Common\function.php 第 127 行.
INFO: [ app_end ] --START--
INFO: Run Behavior\ShowPageTraceBehavior [ RunTime:0.000367s ]
INFO: [ app_end ] --END-- [ RunTime:0.000396s ]

